<?xml version="1.0" encoding="UTF-8"?>
<TestRun id="b599c98a-af48-4e91-afba-1d244eaa60d7" name="korisnik@KORISNIK-PC 2012-01-09 12:27:44" runUser="korisnik-PC\korisnik" xmlns="http://microsoft.com/schemas/VisualStudio/TeamTest/2010">
  <TestSettings name="Local" id="6fb61c5e-5685-410f-b67f-cc2fadfab81b">
    <Description>These are default test settings for a local test run.</Description>
    <Deployment enabled="false" runDeploymentRoot="korisnik_KORISNIK-PC 2012-01-09 12_27_44">
      <DeploymentItem filename="D:\Documents\diplomski\objektno oblikovanje\OO dz 4\Dragisic_Andrej_DZ4\DobrisaCesaric\DobrisaCesaric.Model\bin\Debug\DobrisaCesaric.DomainModel.dll" />
    </Deployment>
    <Execution>
      <TestTypeSpecific />
      <AgentRule name="Execution Agents">
      </AgentRule>
    </Execution>
  </TestSettings>
  <Times creation="2012-01-09T12:27:44.4955569+01:00" queuing="2012-01-09T12:27:45.8706065+01:00" start="2012-01-09T12:27:46.0096144+01:00" finish="2012-01-09T12:27:47.0016589+01:00" />
  <ResultSummary outcome="Failed">
    <Counters total="1" executed="1" error="0" failed="1" timeout="0" aborted="0" inconclusive="0" passedButRunAborted="0" notRunnable="0" notExecuted="0" disconnected="0" warning="0" passed="0" completed="0" inProgress="0" pending="0" />
  </ResultSummary>
  <TestDefinitions>
    <UnitTest name="BookAddTest" storage="d:\documents\diplomski\objektno oblikovanje\oo dz 4\dragisic_andrej_dz4\dobrisacesaric\dobrisacesaric.domaintest\bin\debug\dobrisacesaric.domaintest.dll" id="f1cfd8b7-fba7-c5b8-b0cc-7b97425196de">
      <Execution id="6a4f3372-cd16-4b9f-99c4-0f26e84bfc93" />
      <TestMethod codeBase="D:/Documents/diplomski/objektno oblikovanje/OO dz 4/Dragisic_Andrej_DZ4/DobrisaCesaric/DobrisaCesaric.DomainTest/bin/Debug/DobrisaCesaric.DomainTest.DLL" adapterTypeName="Microsoft.VisualStudio.TestTools.TestTypes.Unit.UnitTestAdapter, Microsoft.VisualStudio.QualityTools.Tips.UnitTest.Adapter, Version=10.0.0.0, Culture=neutral, PublicKeyToken=b03f5f7f11d50a3a" className="DobrisaCesaric.DomainTest.BookRepositoryTest, DobrisaCesaric.DomainTest, Version=1.0.0.0, Culture=neutral, PublicKeyToken=null" name="BookAddTest" />
    </UnitTest>
  </TestDefinitions>
  <TestLists>
    <TestList name="Results Not in a List" id="8c84fa94-04c1-424b-9868-57a2d4851a1d" />
    <TestList name="All Loaded Results" id="19431567-8539-422a-85d7-44ee4e166bda" />
  </TestLists>
  <TestEntries>
    <TestEntry testId="f1cfd8b7-fba7-c5b8-b0cc-7b97425196de" executionId="6a4f3372-cd16-4b9f-99c4-0f26e84bfc93" testListId="8c84fa94-04c1-424b-9868-57a2d4851a1d" />
  </TestEntries>
  <Results>
    <UnitTestResult executionId="6a4f3372-cd16-4b9f-99c4-0f26e84bfc93" testId="f1cfd8b7-fba7-c5b8-b0cc-7b97425196de" testName="BookAddTest" computerName="KORISNIK-PC" duration="00:00:00.1540206" startTime="2012-01-09T12:27:46.0536170+01:00" endTime="2012-01-09T12:27:46.8916588+01:00" testType="13cdc9d9-ddb5-4fa4-a97d-d965ccfc6d4b" outcome="Failed" testListId="8c84fa94-04c1-424b-9868-57a2d4851a1d" relativeResultsDirectory="6a4f3372-cd16-4b9f-99c4-0f26e84bfc93">
      <Output>
        <ErrorInfo>
          <Message>Test method DobrisaCesaric.DomainTest.BookRepositoryTest.BookAddTest threw exception: 
DobrisaCesaric.DomainModel.DoesntExist: Exception of type 'DobrisaCesaric.DomainModel.DoesntExist' was thrown.</Message>
          <StackTrace>    at DobrisaCesaric.DomainModel.Repositories.BookRepository.GetBookByName(String bookName) in D:\Documents\diplomski\objektno oblikovanje\OO dz 4\Dragisic_Andrej_DZ4\DobrisaCesaric\DobrisaCesaric.Model\Repositories\BookRepository.cs:line 47
   at DobrisaCesaric.DomainTest.BookRepositoryTest.BookAddTest() in D:\Documents\diplomski\objektno oblikovanje\OO dz 4\Dragisic_Andrej_DZ4\DobrisaCesaric\DobrisaCesaric.DomainTest\BookRepositoryTest.cs:line 80
</StackTrace>
        </ErrorInfo>
      </Output>
    </UnitTestResult>
  </Results>
</TestRun>